-*- mode:org -*-

# PowerSignal.lst
| ref | value        |
|-----+--------------|
| C1  | 10uF         |
| C2  | 1uF          |
| C3  | 10uF         |
| C4  | 1uF          |
| C5  | 0.1uF        |
| C6  | 0.1uF        |
| DC1 | DCW08        |
| P1  | DIN_4_SHIELD |
| P2  | BNC          |
| P3  | 9-18VDC      |
| P4  | CONN_1       |
| P5  | CONN_1       |
| P6  | CONN_1       |
| P7  | CONN_1       |
| P8  | CONN_1       |
| P9  | CONN_1       |
| P10 | CONN_1       |
| U1  | BUF634       |

# Bill of Materials
| ! | part  | description                     | vendor       | part number   | quantity |  cost |
|---+-------+---------------------------------+--------------+---------------+----------+-------|
|   | PCB   | PowerSignal 2.0                 | protoexpress | afv1-60080    |        1 | 35.00 |
|   | C1,3  | CAP CER 10UF 50V X7S 1210       | digikey      | 445-4536-1-ND |        2 |  1.24 |
|   | C2,4  | CAP CER 1.0UF 50V 10% X7R 1210  | digikey      | 490-1863-1-ND |        2 |  0.48 |
|   | C5,6  | CAP CERM .10UF 10% 50V X7R 1210 | digikey      | 478-3586-1-ND |        2 |  0.73 |
|   | DC1   | DC-DC 2 Output 15 Volt-15 Volt  | jameco       | 1953364       |        1 | 19.95 |
|   | P1    | CONN MINI-DIN 4PIN R/A SLIM PCB | digikey      | CP-2245-ND    |        1 |  1.82 |
|   |       |                                 |              |               |          |       |
|---+-------+---------------------------------+--------------+---------------+----------+-------|
| # | total |                                 |              |               |          | 61.67 |
#+TBLFM: @9$7=(@I$quantity..@II$quantity)*(@I$cost..@II$cost);%.2f;N
